Tue Sep 12 12:01:01 AM EDT 2023|INFO|Start building playlist: /home/joey/Scripts/USB128/Music Videos.m3u
Tue Sep 12 12:01:01 AM EDT 2023|INFO|Lock file not found. Continuing.
Tue Sep 12 12:01:01 AM EDT 2023|INFO|Adding 1 bumper to outfile
Tue Sep 12 12:01:01 AM EDT 2023|INFO|Adding 3 videos to outfile
Tue Sep 12 12:01:01 AM EDT 2023|INFO|Resetting row counter
Tue Sep 12 12:01:01 AM EDT 2023|INFO|Incrementing file counter
Tue Sep 12 12:01:01 AM EDT 2023|INFO|Adding 1 bumper to outfile
Tue Sep 12 12:01:01 AM EDT 2023|INFO|Adding 3 videos to outfile
Tue Sep 12 12:01:01 AM EDT 2023|INFO|Resetting row counter
Tue Sep 12 12:01:01 AM EDT 2023|INFO|Incrementing file counter
Tue Sep 12 12:01:01 AM EDT 2023|INFO|Adding 1 bumper to outfile
Tue Sep 12 12:01:01 AM EDT 2023|INFO|Adding 3 videos to outfile
Tue Sep 12 12:01:01 AM EDT 2023|INFO|Resetting row counter
Tue Sep 12 12:01:01 AM EDT 2023|INFO|Incrementing file counter
Tue Sep 12 12:01:01 AM EDT 2023|INFO|Adding 1 bumper to outfile
Tue Sep 12 12:01:01 AM EDT 2023|INFO|Adding 3 videos to outfile
Tue Sep 12 12:01:01 AM EDT 2023|INFO|Resetting row counter
Tue Sep 12 12:01:01 AM EDT 2023|INFO|Incrementing file counter
Tue Sep 12 12:01:01 AM EDT 2023|INFO|Adding 1 bumper to outfile
Tue Sep 12 12:01:01 AM EDT 2023|INFO|Adding 3 videos to outfile
Tue Sep 12 12:01:01 AM EDT 2023|INFO|Resetting row counter
Tue Sep 12 12:01:01 AM EDT 2023|INFO|Incrementing file counter
Tue Sep 12 12:01:01 AM EDT 2023|INFO|Adding 1 bumper to outfile
Tue Sep 12 12:01:01 AM EDT 2023|INFO|Adding 3 videos to outfile
Tue Sep 12 12:01:01 AM EDT 2023|INFO|Resetting row counter
Tue Sep 12 12:01:01 AM EDT 2023|INFO|Incrementing file counter
Tue Sep 12 12:01:01 AM EDT 2023|INFO|Adding 1 bumper to outfile
Tue Sep 12 12:01:01 AM EDT 2023|INFO|Adding 3 videos to outfile
Tue Sep 12 12:01:01 AM EDT 2023|INFO|Resetting row counter
Tue Sep 12 12:01:01 AM EDT 2023|INFO|Incrementing file counter
Tue Sep 12 12:01:01 AM EDT 2023|INFO|Adding 1 bumper to outfile
Tue Sep 12 12:01:01 AM EDT 2023|INFO|Adding 3 videos to outfile
Tue Sep 12 12:01:01 AM EDT 2023|INFO|Resetting row counter
Tue Sep 12 12:01:01 AM EDT 2023|INFO|Incrementing file counter
Tue Sep 12 12:01:01 AM EDT 2023|INFO|Adding 1 bumper to outfile
Tue Sep 12 12:01:01 AM EDT 2023|INFO|Adding 3 videos to outfile
Tue Sep 12 12:01:01 AM EDT 2023|INFO|Resetting row counter
Tue Sep 12 12:01:01 AM EDT 2023|INFO|Incrementing file counter
Tue Sep 12 12:01:01 AM EDT 2023|INFO|Adding 1 bumper to outfile
Tue Sep 12 12:01:01 AM EDT 2023|INFO|Adding 3 videos to outfile
Tue Sep 12 12:01:01 AM EDT 2023|INFO|Resetting row counter
Tue Sep 12 12:01:01 AM EDT 2023|INFO|Incrementing file counter
Tue Sep 12 12:01:01 AM EDT 2023|INFO|Adding 1 bumper to outfile
Tue Sep 12 12:01:01 AM EDT 2023|INFO|Adding 3 videos to outfile
Tue Sep 12 12:01:01 AM EDT 2023|INFO|Resetting row counter
Tue Sep 12 12:01:01 AM EDT 2023|INFO|Incrementing file counter
Tue Sep 12 12:01:01 AM EDT 2023|INFO|Adding 1 bumper to outfile
Tue Sep 12 12:01:01 AM EDT 2023|INFO|Adding 3 videos to outfile
Tue Sep 12 12:01:01 AM EDT 2023|INFO|Resetting row counter
Tue Sep 12 12:01:01 AM EDT 2023|INFO|Incrementing file counter
Tue Sep 12 12:01:01 AM EDT 2023|INFO|Adding 1 bumper to outfile
Tue Sep 12 12:01:01 AM EDT 2023|INFO|Adding 3 videos to outfile
Tue Sep 12 12:01:01 AM EDT 2023|INFO|Resetting row counter
Tue Sep 12 12:01:01 AM EDT 2023|INFO|Incrementing file counter
Tue Sep 12 12:01:01 AM EDT 2023|INFO|Adding 1 bumper to outfile
Tue Sep 12 12:01:01 AM EDT 2023|INFO|Adding 3 videos to outfile
Tue Sep 12 12:01:01 AM EDT 2023|INFO|Resetting row counter
Tue Sep 12 12:01:01 AM EDT 2023|INFO|Incrementing file counter
Tue Sep 12 12:01:01 AM EDT 2023|INFO|Adding 1 bumper to outfile
Tue Sep 12 12:01:01 AM EDT 2023|INFO|Adding 3 videos to outfile
Tue Sep 12 12:01:01 AM EDT 2023|INFO|Resetting row counter
Tue Sep 12 12:01:01 AM EDT 2023|INFO|Incrementing file counter
Tue Sep 12 12:01:01 AM EDT 2023|INFO|Adding 1 bumper to outfile
Tue Sep 12 12:01:01 AM EDT 2023|INFO|Adding 3 videos to outfile
Tue Sep 12 12:01:01 AM EDT 2023|INFO|Resetting row counter
Tue Sep 12 12:01:01 AM EDT 2023|INFO|Incrementing file counter
Tue Sep 12 12:01:01 AM EDT 2023|INFO|Adding 1 bumper to outfile
Tue Sep 12 12:01:01 AM EDT 2023|INFO|Adding 3 videos to outfile
Tue Sep 12 12:01:01 AM EDT 2023|INFO|Resetting row counter
Tue Sep 12 12:01:01 AM EDT 2023|INFO|Incrementing file counter
Tue Sep 12 12:01:01 AM EDT 2023|INFO|Adding 1 bumper to outfile
Tue Sep 12 12:01:01 AM EDT 2023|INFO|Adding 3 videos to outfile
Tue Sep 12 12:01:01 AM EDT 2023|INFO|Resetting row counter
Tue Sep 12 12:01:01 AM EDT 2023|INFO|Incrementing file counter
Tue Sep 12 12:01:01 AM EDT 2023|INFO|Adding 1 bumper to outfile
Tue Sep 12 12:01:01 AM EDT 2023|INFO|Adding 3 videos to outfile
Tue Sep 12 12:01:01 AM EDT 2023|INFO|Resetting row counter
Tue Sep 12 12:01:01 AM EDT 2023|INFO|Incrementing file counter
Tue Sep 12 12:01:01 AM EDT 2023|INFO|Adding 1 bumper to outfile
Tue Sep 12 12:01:01 AM EDT 2023|INFO|Adding 3 videos to outfile
Tue Sep 12 12:01:01 AM EDT 2023|INFO|Resetting row counter
Tue Sep 12 12:01:01 AM EDT 2023|INFO|Incrementing file counter
Tue Sep 12 12:01:01 AM EDT 2023|INFO|Adding 1 bumper to outfile
Tue Sep 12 12:01:01 AM EDT 2023|INFO|Adding 3 videos to outfile
Tue Sep 12 12:01:01 AM EDT 2023|INFO|Resetting row counter
Tue Sep 12 12:01:01 AM EDT 2023|INFO|Incrementing file counter
Tue Sep 12 12:01:01 AM EDT 2023|INFO|Adding 1 bumper to outfile
Tue Sep 12 12:01:01 AM EDT 2023|INFO|Adding 3 videos to outfile
Tue Sep 12 12:01:01 AM EDT 2023|INFO|Resetting row counter
Tue Sep 12 12:01:01 AM EDT 2023|INFO|Incrementing file counter
Tue Sep 12 12:01:01 AM EDT 2023|INFO|Adding 1 bumper to outfile
Tue Sep 12 12:01:01 AM EDT 2023|INFO|Adding 3 videos to outfile
Tue Sep 12 12:01:01 AM EDT 2023|INFO|Resetting row counter
Tue Sep 12 12:01:01 AM EDT 2023|INFO|Incrementing file counter
Tue Sep 12 12:01:01 AM EDT 2023|INFO|Adding 1 bumper to outfile
Tue Sep 12 12:01:01 AM EDT 2023|INFO|Adding 3 videos to outfile
Tue Sep 12 12:01:01 AM EDT 2023|INFO|Resetting row counter
Tue Sep 12 12:01:01 AM EDT 2023|INFO|Incrementing file counter
Tue Sep 12 12:01:01 AM EDT 2023|INFO|Adding 1 bumper to outfile
Tue Sep 12 12:01:01 AM EDT 2023|INFO|Adding 3 videos to outfile
Tue Sep 12 12:01:01 AM EDT 2023|INFO|Resetting row counter
Tue Sep 12 12:01:01 AM EDT 2023|INFO|Incrementing file counter
Tue Sep 12 12:01:01 AM EDT 2023|INFO|Adding 1 bumper to outfile
Tue Sep 12 12:01:01 AM EDT 2023|INFO|Adding 3 videos to outfile
Tue Sep 12 12:01:01 AM EDT 2023|INFO|Resetting row counter
Tue Sep 12 12:01:01 AM EDT 2023|INFO|Incrementing file counter
Tue Sep 12 12:01:01 AM EDT 2023|INFO|Adding 1 bumper to outfile
Tue Sep 12 12:01:01 AM EDT 2023|INFO|Adding 3 videos to outfile
Tue Sep 12 12:01:01 AM EDT 2023|INFO|Resetting row counter
Tue Sep 12 12:01:01 AM EDT 2023|INFO|Incrementing file counter
Tue Sep 12 12:01:01 AM EDT 2023|INFO|Adding 1 bumper to outfile
Tue Sep 12 12:01:01 AM EDT 2023|INFO|Adding 3 videos to outfile
Tue Sep 12 12:01:01 AM EDT 2023|INFO|Resetting row counter
Tue Sep 12 12:01:01 AM EDT 2023|INFO|Incrementing file counter
Tue Sep 12 12:01:01 AM EDT 2023|INFO|Adding 1 bumper to outfile
Tue Sep 12 12:01:01 AM EDT 2023|INFO|Adding 3 videos to outfile
Tue Sep 12 12:01:01 AM EDT 2023|INFO|Resetting row counter
Tue Sep 12 12:01:01 AM EDT 2023|INFO|Incrementing file counter
Tue Sep 12 12:01:01 AM EDT 2023|INFO|Adding 1 bumper to outfile
Tue Sep 12 12:01:01 AM EDT 2023|INFO|Adding 3 videos to outfile
Tue Sep 12 12:01:01 AM EDT 2023|INFO|Resetting row counter
Tue Sep 12 12:01:01 AM EDT 2023|INFO|Incrementing file counter
Tue Sep 12 12:01:01 AM EDT 2023|INFO|Adding 1 bumper to outfile
Tue Sep 12 12:01:01 AM EDT 2023|INFO|Adding 3 videos to outfile
Tue Sep 12 12:01:01 AM EDT 2023|INFO|Resetting row counter
Tue Sep 12 12:01:01 AM EDT 2023|INFO|Incrementing file counter
Tue Sep 12 12:01:01 AM EDT 2023|INFO|Adding 1 bumper to outfile
Tue Sep 12 12:01:01 AM EDT 2023|INFO|Adding 3 videos to outfile
Tue Sep 12 12:01:01 AM EDT 2023|INFO|Resetting row counter
Tue Sep 12 12:01:01 AM EDT 2023|INFO|Incrementing file counter
Tue Sep 12 12:01:01 AM EDT 2023|INFO|Adding 1 bumper to outfile
Tue Sep 12 12:01:01 AM EDT 2023|INFO|Adding 3 videos to outfile
Tue Sep 12 12:01:01 AM EDT 2023|INFO|Resetting row counter
Tue Sep 12 12:01:01 AM EDT 2023|INFO|Incrementing file counter
Tue Sep 12 12:01:01 AM EDT 2023|INFO|Adding 1 bumper to outfile
Tue Sep 12 12:01:01 AM EDT 2023|INFO|Adding 3 videos to outfile
Tue Sep 12 12:01:01 AM EDT 2023|INFO|Resetting row counter
Tue Sep 12 12:01:01 AM EDT 2023|INFO|Incrementing file counter
Tue Sep 12 12:01:01 AM EDT 2023|INFO|Adding 1 bumper to outfile
Tue Sep 12 12:01:01 AM EDT 2023|INFO|Adding 3 videos to outfile
Tue Sep 12 12:01:01 AM EDT 2023|INFO|Resetting row counter
Tue Sep 12 12:01:01 AM EDT 2023|INFO|Incrementing file counter
Tue Sep 12 12:01:01 AM EDT 2023|INFO|Adding 1 bumper to outfile
Tue Sep 12 12:01:01 AM EDT 2023|INFO|Adding 3 videos to outfile
Tue Sep 12 12:01:01 AM EDT 2023|INFO|Resetting row counter
Tue Sep 12 12:01:01 AM EDT 2023|INFO|Incrementing file counter
Tue Sep 12 12:01:01 AM EDT 2023|INFO|Adding 1 bumper to outfile
Tue Sep 12 12:01:01 AM EDT 2023|INFO|Adding 3 videos to outfile
Tue Sep 12 12:01:01 AM EDT 2023|INFO|Resetting row counter
Tue Sep 12 12:01:01 AM EDT 2023|INFO|Incrementing file counter
Tue Sep 12 12:01:01 AM EDT 2023|INFO|Adding 1 bumper to outfile
Tue Sep 12 12:01:01 AM EDT 2023|INFO|Adding 3 videos to outfile
Tue Sep 12 12:01:01 AM EDT 2023|INFO|Resetting row counter
Tue Sep 12 12:01:01 AM EDT 2023|INFO|Incrementing file counter
Tue Sep 12 12:01:01 AM EDT 2023|INFO|Adding 1 bumper to outfile
Tue Sep 12 12:01:01 AM EDT 2023|INFO|Adding 3 videos to outfile
Tue Sep 12 12:01:01 AM EDT 2023|INFO|Resetting row counter
Tue Sep 12 12:01:01 AM EDT 2023|INFO|Incrementing file counter
Tue Sep 12 12:01:01 AM EDT 2023|INFO|Adding 1 bumper to outfile
Tue Sep 12 12:01:01 AM EDT 2023|INFO|Adding 3 videos to outfile
Tue Sep 12 12:01:01 AM EDT 2023|INFO|Resetting row counter
Tue Sep 12 12:01:01 AM EDT 2023|INFO|Incrementing file counter
Tue Sep 12 12:01:01 AM EDT 2023|INFO|Adding 1 bumper to outfile
Tue Sep 12 12:01:01 AM EDT 2023|INFO|Adding 3 videos to outfile
Tue Sep 12 12:01:01 AM EDT 2023|INFO|Resetting row counter
Tue Sep 12 12:01:01 AM EDT 2023|INFO|Incrementing file counter
Tue Sep 12 12:01:01 AM EDT 2023|INFO|Adding 1 bumper to outfile
Tue Sep 12 12:01:01 AM EDT 2023|INFO|Adding 3 videos to outfile
Tue Sep 12 12:01:01 AM EDT 2023|INFO|Resetting row counter
Tue Sep 12 12:01:01 AM EDT 2023|INFO|Incrementing file counter
Tue Sep 12 12:01:01 AM EDT 2023|INFO|Adding 1 bumper to outfile
Tue Sep 12 12:01:01 AM EDT 2023|INFO|Adding 3 videos to outfile
Tue Sep 12 12:01:01 AM EDT 2023|INFO|Resetting row counter
Tue Sep 12 12:01:01 AM EDT 2023|INFO|Incrementing file counter
Tue Sep 12 12:01:01 AM EDT 2023|INFO|Adding 1 bumper to outfile
Tue Sep 12 12:01:01 AM EDT 2023|INFO|Adding 3 videos to outfile
Tue Sep 12 12:01:01 AM EDT 2023|INFO|Resetting row counter
Tue Sep 12 12:01:01 AM EDT 2023|INFO|Incrementing file counter
Tue Sep 12 12:01:01 AM EDT 2023|INFO|Adding 1 bumper to outfile
Tue Sep 12 12:01:01 AM EDT 2023|INFO|Adding 3 videos to outfile
Tue Sep 12 12:01:01 AM EDT 2023|INFO|Resetting row counter
Tue Sep 12 12:01:01 AM EDT 2023|INFO|Incrementing file counter
Tue Sep 12 12:01:01 AM EDT 2023|INFO|Adding 1 bumper to outfile
Tue Sep 12 12:01:01 AM EDT 2023|INFO|Adding 3 videos to outfile
Tue Sep 12 12:01:01 AM EDT 2023|INFO|Resetting row counter
Tue Sep 12 12:01:01 AM EDT 2023|INFO|Incrementing file counter
Tue Sep 12 12:01:01 AM EDT 2023|INFO|Adding 1 bumper to outfile
Tue Sep 12 12:01:01 AM EDT 2023|INFO|Adding 3 videos to outfile
Tue Sep 12 12:01:01 AM EDT 2023|INFO|Resetting row counter
Tue Sep 12 12:01:01 AM EDT 2023|INFO|Incrementing file counter
Tue Sep 12 12:01:01 AM EDT 2023|INFO|Adding 1 bumper to outfile
Tue Sep 12 12:01:01 AM EDT 2023|INFO|Adding 3 videos to outfile
Tue Sep 12 12:01:01 AM EDT 2023|INFO|Resetting row counter
Tue Sep 12 12:01:01 AM EDT 2023|INFO|Incrementing file counter
Tue Sep 12 12:01:01 AM EDT 2023|INFO|Adding 1 bumper to outfile
Tue Sep 12 12:01:01 AM EDT 2023|INFO|Adding 3 videos to outfile
Tue Sep 12 12:01:01 AM EDT 2023|INFO|Resetting row counter
Tue Sep 12 12:01:01 AM EDT 2023|INFO|Incrementing file counter
Tue Sep 12 12:01:01 AM EDT 2023|INFO|Adding 1 bumper to outfile
Tue Sep 12 12:01:01 AM EDT 2023|INFO|Adding 3 videos to outfile
Tue Sep 12 12:01:01 AM EDT 2023|INFO|Resetting row counter
Tue Sep 12 12:01:01 AM EDT 2023|INFO|Incrementing file counter
Tue Sep 12 12:01:01 AM EDT 2023|INFO|Adding 1 bumper to outfile
Tue Sep 12 12:01:01 AM EDT 2023|INFO|Adding 3 videos to outfile
Tue Sep 12 12:01:01 AM EDT 2023|INFO|Resetting row counter
Tue Sep 12 12:01:01 AM EDT 2023|INFO|Incrementing file counter
Tue Sep 12 12:01:01 AM EDT 2023|INFO|Adding 1 bumper to outfile
Tue Sep 12 12:01:01 AM EDT 2023|INFO|Adding 3 videos to outfile
Tue Sep 12 12:01:01 AM EDT 2023|INFO|Resetting row counter
Tue Sep 12 12:01:01 AM EDT 2023|INFO|Incrementing file counter
Tue Sep 12 12:01:01 AM EDT 2023|INFO|Adding 1 bumper to outfile
Tue Sep 12 12:01:01 AM EDT 2023|INFO|Adding 3 videos to outfile
Tue Sep 12 12:01:01 AM EDT 2023|INFO|Resetting row counter
Tue Sep 12 12:01:01 AM EDT 2023|INFO|Incrementing file counter
Tue Sep 12 12:01:01 AM EDT 2023|INFO|Adding 1 bumper to outfile
Tue Sep 12 12:01:01 AM EDT 2023|INFO|Adding 3 videos to outfile
Tue Sep 12 12:01:01 AM EDT 2023|INFO|Resetting row counter
Tue Sep 12 12:01:01 AM EDT 2023|INFO|Incrementing file counter
Tue Sep 12 12:01:01 AM EDT 2023|INFO|Adding 1 bumper to outfile
Tue Sep 12 12:01:01 AM EDT 2023|INFO|Adding 3 videos to outfile
Tue Sep 12 12:01:01 AM EDT 2023|INFO|Resetting row counter
Tue Sep 12 12:01:01 AM EDT 2023|INFO|Incrementing file counter
Tue Sep 12 12:01:01 AM EDT 2023|INFO|Adding 1 bumper to outfile
Tue Sep 12 12:01:01 AM EDT 2023|INFO|Adding 3 videos to outfile
Tue Sep 12 12:01:01 AM EDT 2023|INFO|Resetting row counter
Tue Sep 12 12:01:01 AM EDT 2023|INFO|Incrementing file counter
Tue Sep 12 12:01:01 AM EDT 2023|INFO|Adding 1 bumper to outfile
Tue Sep 12 12:01:01 AM EDT 2023|INFO|Adding 3 videos to outfile
Tue Sep 12 12:01:01 AM EDT 2023|INFO|Resetting row counter
Tue Sep 12 12:01:01 AM EDT 2023|INFO|Incrementing file counter
Tue Sep 12 12:01:01 AM EDT 2023|INFO|Adding 1 bumper to outfile
Tue Sep 12 12:01:01 AM EDT 2023|INFO|Adding 3 videos to outfile
Tue Sep 12 12:01:01 AM EDT 2023|INFO|Resetting row counter
Tue Sep 12 12:01:01 AM EDT 2023|INFO|Incrementing file counter
Tue Sep 12 12:01:01 AM EDT 2023|INFO|Adding 1 bumper to outfile
Tue Sep 12 12:01:01 AM EDT 2023|INFO|Adding 3 videos to outfile
Tue Sep 12 12:01:01 AM EDT 2023|INFO|Resetting row counter
Tue Sep 12 12:01:01 AM EDT 2023|INFO|Incrementing file counter
Tue Sep 12 12:01:01 AM EDT 2023|INFO|Adding 1 bumper to outfile
Tue Sep 12 12:01:01 AM EDT 2023|INFO|Adding 3 videos to outfile
Tue Sep 12 12:01:01 AM EDT 2023|INFO|Resetting row counter
Tue Sep 12 12:01:01 AM EDT 2023|INFO|Incrementing file counter
Tue Sep 12 12:01:01 AM EDT 2023|INFO|Adding 1 bumper to outfile
Tue Sep 12 12:01:01 AM EDT 2023|INFO|Adding 3 videos to outfile
Tue Sep 12 12:01:01 AM EDT 2023|INFO|Resetting row counter
Tue Sep 12 12:01:01 AM EDT 2023|INFO|Incrementing file counter
Tue Sep 12 12:01:01 AM EDT 2023|INFO|Adding 1 bumper to outfile
Tue Sep 12 12:01:01 AM EDT 2023|INFO|Adding 3 videos to outfile
Tue Sep 12 12:01:01 AM EDT 2023|INFO|Resetting row counter
Tue Sep 12 12:01:01 AM EDT 2023|INFO|Incrementing file counter
Tue Sep 12 12:01:01 AM EDT 2023|INFO|Adding 1 bumper to outfile
Tue Sep 12 12:01:01 AM EDT 2023|INFO|Adding 3 videos to outfile
Tue Sep 12 12:01:01 AM EDT 2023|INFO|Resetting row counter
Tue Sep 12 12:01:01 AM EDT 2023|INFO|Incrementing file counter
Tue Sep 12 12:01:01 AM EDT 2023|INFO|Adding 1 bumper to outfile
Tue Sep 12 12:01:01 AM EDT 2023|INFO|Adding 3 videos to outfile
Tue Sep 12 12:01:01 AM EDT 2023|INFO|Resetting row counter
Tue Sep 12 12:01:01 AM EDT 2023|INFO|Incrementing file counter
Tue Sep 12 12:01:01 AM EDT 2023|INFO|Adding 1 bumper to outfile
Tue Sep 12 12:01:01 AM EDT 2023|INFO|Adding 3 videos to outfile
Tue Sep 12 12:01:01 AM EDT 2023|INFO|Resetting row counter
Tue Sep 12 12:01:01 AM EDT 2023|INFO|Incrementing file counter
Tue Sep 12 12:01:01 AM EDT 2023|INFO|Adding 1 bumper to outfile
Tue Sep 12 12:01:01 AM EDT 2023|INFO|Adding 3 videos to outfile
Tue Sep 12 12:01:01 AM EDT 2023|INFO|Resetting row counter
Tue Sep 12 12:01:01 AM EDT 2023|INFO|Incrementing file counter
Tue Sep 12 12:01:01 AM EDT 2023|INFO|Adding 1 bumper to outfile
Tue Sep 12 12:01:01 AM EDT 2023|INFO|Adding 3 videos to outfile
Tue Sep 12 12:01:01 AM EDT 2023|INFO|Resetting row counter
Tue Sep 12 12:01:01 AM EDT 2023|INFO|Incrementing file counter
Tue Sep 12 12:01:01 AM EDT 2023|INFO|Adding 1 bumper to outfile
Tue Sep 12 12:01:01 AM EDT 2023|INFO|Adding 3 videos to outfile
Tue Sep 12 12:01:01 AM EDT 2023|INFO|Resetting row counter
Tue Sep 12 12:01:01 AM EDT 2023|INFO|Incrementing file counter
Tue Sep 12 12:01:01 AM EDT 2023|INFO|Adding 1 bumper to outfile
Tue Sep 12 12:01:01 AM EDT 2023|INFO|Adding 3 videos to outfile
Tue Sep 12 12:01:01 AM EDT 2023|INFO|Resetting row counter
Tue Sep 12 12:01:01 AM EDT 2023|INFO|Incrementing file counter
Tue Sep 12 12:01:01 AM EDT 2023|INFO|Adding 1 bumper to outfile
Tue Sep 12 12:01:01 AM EDT 2023|INFO|Adding 3 videos to outfile
Tue Sep 12 12:01:01 AM EDT 2023|INFO|Resetting row counter
Tue Sep 12 12:01:01 AM EDT 2023|INFO|Incrementing file counter
Tue Sep 12 12:01:01 AM EDT 2023|INFO|Adding 1 bumper to outfile
Tue Sep 12 12:01:01 AM EDT 2023|INFO|Adding 3 videos to outfile
Tue Sep 12 12:01:01 AM EDT 2023|INFO|Resetting row counter
Tue Sep 12 12:01:01 AM EDT 2023|INFO|Incrementing file counter
Tue Sep 12 12:01:01 AM EDT 2023|INFO|Adding 1 bumper to outfile
Tue Sep 12 12:01:01 AM EDT 2023|INFO|Adding 3 videos to outfile
Tue Sep 12 12:01:01 AM EDT 2023|INFO|Resetting row counter
Tue Sep 12 12:01:01 AM EDT 2023|INFO|Incrementing file counter
Tue Sep 12 12:01:01 AM EDT 2023|INFO|Adding 1 bumper to outfile
Tue Sep 12 12:01:01 AM EDT 2023|INFO|Adding 3 videos to outfile
Tue Sep 12 12:01:01 AM EDT 2023|INFO|Resetting row counter
Tue Sep 12 12:01:01 AM EDT 2023|INFO|Incrementing file counter
Tue Sep 12 12:01:01 AM EDT 2023|INFO|Adding 1 bumper to outfile
Tue Sep 12 12:01:01 AM EDT 2023|INFO|Adding 3 videos to outfile
Tue Sep 12 12:01:01 AM EDT 2023|INFO|Resetting row counter
Tue Sep 12 12:01:01 AM EDT 2023|INFO|Incrementing file counter
Tue Sep 12 12:01:01 AM EDT 2023|INFO|Adding 1 bumper to outfile
Tue Sep 12 12:01:01 AM EDT 2023|INFO|Adding 3 videos to outfile
Tue Sep 12 12:01:01 AM EDT 2023|INFO|Resetting row counter
Tue Sep 12 12:01:01 AM EDT 2023|INFO|Incrementing file counter
Tue Sep 12 12:01:01 AM EDT 2023|INFO|Adding 1 bumper to outfile
Tue Sep 12 12:01:01 AM EDT 2023|INFO|Adding 3 videos to outfile
Tue Sep 12 12:01:01 AM EDT 2023|INFO|Resetting row counter
Tue Sep 12 12:01:01 AM EDT 2023|INFO|Incrementing file counter
Tue Sep 12 12:01:01 AM EDT 2023|INFO|Adding 1 bumper to outfile
Tue Sep 12 12:01:01 AM EDT 2023|INFO|Adding 3 videos to outfile
Tue Sep 12 12:01:01 AM EDT 2023|INFO|Resetting row counter
Tue Sep 12 12:01:01 AM EDT 2023|INFO|Incrementing file counter
Tue Sep 12 12:01:01 AM EDT 2023|INFO|Adding 1 bumper to outfile
Tue Sep 12 12:01:01 AM EDT 2023|INFO|Adding 3 videos to outfile
Tue Sep 12 12:01:01 AM EDT 2023|INFO|Resetting row counter
Tue Sep 12 12:01:01 AM EDT 2023|INFO|Incrementing file counter
Tue Sep 12 12:01:01 AM EDT 2023|INFO|Adding 1 bumper to outfile
Tue Sep 12 12:01:01 AM EDT 2023|INFO|Adding 3 videos to outfile
Tue Sep 12 12:01:01 AM EDT 2023|INFO|Resetting row counter
Tue Sep 12 12:01:01 AM EDT 2023|INFO|Incrementing file counter
Tue Sep 12 12:01:01 AM EDT 2023|INFO|Adding 1 bumper to outfile
Tue Sep 12 12:01:01 AM EDT 2023|INFO|Adding 3 videos to outfile
Tue Sep 12 12:01:01 AM EDT 2023|INFO|Resetting row counter
Tue Sep 12 12:01:01 AM EDT 2023|INFO|Incrementing file counter
Tue Sep 12 12:01:01 AM EDT 2023|INFO|Copying playlist to XBMC4.local
Tue Sep 12 12:01:06 AM EDT 2023|INFO|Deleting temp file: /home/joey/Scripts/USB128/temp_out.txt
Tue Sep 12 12:01:06 AM EDT 2023|INFO|Deleting lock file: /home/joey/Scripts/USB128/make-musicvideo-m3u.lock
Tue Sep 12 12:01:06 AM EDT 2023|INFO|Finished running script. Exiting
